{
  "0 debug pnpm:scope": {
    "selected": 1
  },
  "1 error pnpm": {
    "code": "ELIFECYCLE",
    "errno": "ENOENT",
    "syscall": "spawn",
    "file": "sh",
    "pkgid": "lines-generator@1.0.0",
    "stage": "start",
    "script": "ts-node index.ts",
    "pkgname": "lines-generator",
    "err": {
      "name": "pnpm",
      "message": "lines-generator@1.0.0 start: `ts-node index.ts`\nspawn ENOENT",
      "code": "ELIFECYCLE",
      "stack": "pnpm: lines-generator@1.0.0 start: `ts-node index.ts`\nspawn ENOENT\n    at ChildProcess.<anonymous> (/usr/local/Cellar/node/17.0.1/pnpm-global/5/node_modules/.pnpm/pnpm@6.23.6/node_modules/pnpm/dist/pnpm.cjs:91462:22)\n    at ChildProcess.emit (node:events:390:28)\n    at maybeClose (node:internal/child_process:1062:16)\n    at Process.ChildProcess._handle.onexit (node:internal/child_process:301:5)"
    }
  },
  "2 warn pnpm:global": " Local package.json exists, but node_modules missing, did you mean to install?"
}